Using pre-set license
Built from '2021.3/china_unity/release' branch; Version is '2021.3.37f1c1 (a8737bcc389d) revision 11039611'; Using compiler version '192829333'; Build Type 'Release'
OS: 'Windows 11  (10.0.22631) 64bit CoreCountrySpecific' Language: 'zh' Physical Memory: 14197 MB
BatchMode: 1, IsHumanControllingUs: 0, StartBugReporterOnCrash: 0, Is64bit: 1, IsPro: 1

COMMAND LINE ARGUMENTS:
C:\Program Files\Unity\Hub\Editor\2021.3.37f1c1\Editor\Unity.exe
-adb2
-batchMode
-noUpm
-name
AssetImportWorker0
-projectPath
D:/unity/0701
-logFile
Logs/AssetImportWorker0.log
-srvPort
51118
Successfully changed project path to: D:/unity/0701
D:/unity/0701
[UnityMemory] Configuration Parameters - Can be set up in boot.config
    "memorysetup-bucket-allocator-granularity=16"
    "memorysetup-bucket-allocator-bucket-count=8"
    "memorysetup-bucket-allocator-block-size=33554432"
    "memorysetup-bucket-allocator-block-count=8"
    "memorysetup-main-allocator-block-size=16777216"
    "memorysetup-thread-allocator-block-size=16777216"
    "memorysetup-gfx-main-allocator-block-size=16777216"
    "memorysetup-gfx-thread-allocator-block-size=16777216"
    "memorysetup-cache-allocator-block-size=4194304"
    "memorysetup-typetree-allocator-block-size=2097152"
    "memorysetup-profiler-bucket-allocator-granularity=16"
    "memorysetup-profiler-bucket-allocator-bucket-count=8"
    "memorysetup-profiler-bucket-allocator-block-size=33554432"
    "memorysetup-profiler-bucket-allocator-block-count=8"
    "memorysetup-profiler-allocator-block-size=16777216"
    "memorysetup-profiler-editor-allocator-block-size=1048576"
    "memorysetup-temp-allocator-size-main=16777216"
    "memorysetup-job-temp-allocator-block-size=2097152"
    "memorysetup-job-temp-allocator-block-size-background=1048576"
    "memorysetup-job-temp-allocator-reduction-small-platforms=262144"
    "memorysetup-temp-allocator-size-background-worker=32768"
    "memorysetup-temp-allocator-size-job-worker=262144"
    "memorysetup-temp-allocator-size-preload-manager=33554432"
    "memorysetup-temp-allocator-size-nav-mesh-worker=65536"
    "memorysetup-temp-allocator-size-audio-worker=65536"
    "memorysetup-temp-allocator-size-cloud-worker=32768"
    "memorysetup-temp-allocator-size-gi-baking-worker=262144"
    "memorysetup-temp-allocator-size-gfx=262144"
Player connection [24796] Host "[IP] 26.91.253.18 [Port] 0 [Flags] 2 [Guid] 642201911 [EditorId] 642201911 [Version] 1048832 [Id] WindowsEditor(7,LAPTOP-68R571P7) [Debug] 1 [PackageName] WindowsEditor [ProjectName] Editor" joined multi-casting on [225.0.0.222:54997]...

Player connection [24796] Host "[IP] 26.91.253.18 [Port] 0 [Flags] 2 [Guid] 642201911 [EditorId] 642201911 [Version] 1048832 [Id] WindowsEditor(7,LAPTOP-68R571P7) [Debug] 1 [PackageName] WindowsEditor [ProjectName] Editor" joined alternative multi-casting on [225.0.0.222:34997]...

AS: AutoStreaming module initializing.
[Physics::Module] Initialized MultithreadedJobDispatcher with {0} workers.
Refreshing native plugins compatible for Editor in 87.61 ms, found 3 plugins.
Preloading 0 native plugins for Editor in 0.00 ms.
Initialize engine version: 2021.3.37f1c1 (a8737bcc389d)
[Subsystems] Discovering subsystems at path C:/Program Files/Unity/Hub/Editor/2021.3.37f1c1/Editor/Data/Resources/UnitySubsystems
[Subsystems] Discovering subsystems at path D:/unity/0701/Assets
GfxDevice: creating device client; threaded=0; jobified=0
Direct3D:
    Version:  Direct3D 11.0 [level 11.1]
    Renderer: AMD Radeon(TM) Graphics (ID=0x164c)
    Vendor:   ATI
    VRAM:     7098 MB
    Driver:   31.0.12044.56000
Initialize mono
Mono path[0] = 'C:/Program Files/Unity/Hub/Editor/2021.3.37f1c1/Editor/Data/Managed'
Mono path[1] = 'C:/Program Files/Unity/Hub/Editor/2021.3.37f1c1/Editor/Data/MonoBleedingEdge/lib/mono/unityjit-win32'
Mono config path = 'C:/Program Files/Unity/Hub/Editor/2021.3.37f1c1/Editor/Data/MonoBleedingEdge/etc'
Using monoOptions --debugger-agent=transport=dt_socket,embedding=1,server=y,suspend=n,address=127.0.0.1:56104
Begin MonoManager ReloadAssembly
Registering precompiled unity dll's ...
Register platform support module: C:/Program Files/Unity/Hub/Editor/2021.3.37f1c1/Editor/Data/PlaybackEngines/WindowsStandaloneSupport/UnityEditor.WindowsStandalone.Extensions.dll
Registered in 0.028776 seconds.
Native extension for WindowsStandalone target not found
Refreshing native plugins compatible for Editor in 76.28 ms, found 3 plugins.
Preloading 0 native plugins for Editor in 0.00 ms.
Mono: successfully reloaded assembly
- Completed reload, in  1.001 seconds
Domain Reload Profiling:
	ReloadAssembly (1001ms)
		BeginReloadAssembly (249ms)
			ExecutionOrderSort (0ms)
			DisableScriptedObjects (0ms)
			BackupInstance (0ms)
			ReleaseScriptingObjects (0ms)
			CreateAndSetChildDomain (1ms)
		EndReloadAssembly (525ms)
			LoadAssemblies (219ms)
			RebuildTransferFunctionScriptingTraits (0ms)
			SetupTypeCache (127ms)
			ReleaseScriptCaches (0ms)
			RebuildScriptCaches (31ms)
			SetupLoadedEditorAssemblies (291ms)
				LogAssemblyErrors (0ms)
				InitializePlatformSupportModulesInManaged (14ms)
				SetLoadedEditorAssemblies (0ms)
				RefreshPlugins (76ms)
				BeforeProcessingInitializeOnLoad (1ms)
				ProcessInitializeOnLoadAttributes (145ms)
				ProcessInitializeOnLoadMethodAttributes (54ms)
				AfterProcessingInitializeOnLoad (0ms)
				EditorAssembliesLoaded (0ms)
			ExecutionOrderSort2 (0ms)
			AwakeInstancesAfterBackupRestoration (0ms)
Platform modules already initialized, skipping
Registering precompiled user dll's ...
Registered in 0.046128 seconds.
Begin MonoManager ReloadAssembly
Native extension for WindowsStandalone target not found
Refreshing native plugins compatible for Editor in 0.66 ms, found 3 plugins.
Preloading 0 native plugins for Editor in 0.00 ms.
Package Manager log level set to [2]
[Package Manager] Server::EnsureServerProcessIsRunning -- launch failed, reason: Unity was launched with the -noUpm command-line argument
[Package Manager] Cannot connect to Unity Package Manager local server
[ScriptCompilation] NOT recompiling all scripts because this is an import worker process. Reason to compile was: Define symbols changed
Mono: successfully reloaded assembly
- Completed reload, in  3.423 seconds
Domain Reload Profiling:
	ReloadAssembly (3424ms)
		BeginReloadAssembly (274ms)
			ExecutionOrderSort (0ms)
			DisableScriptedObjects (6ms)
			BackupInstance (0ms)
			ReleaseScriptingObjects (0ms)
			CreateAndSetChildDomain (22ms)
		EndReloadAssembly (2943ms)
			LoadAssemblies (268ms)
			RebuildTransferFunctionScriptingTraits (0ms)
			SetupTypeCache (324ms)
			ReleaseScriptCaches (1ms)
			RebuildScriptCaches (61ms)
			SetupLoadedEditorAssemblies (2333ms)
				LogAssemblyErrors (0ms)
				InitializePlatformSupportModulesInManaged (12ms)
				SetLoadedEditorAssemblies (0ms)
				RefreshPlugins (1ms)
				BeforeProcessingInitializeOnLoad (120ms)
				ProcessInitializeOnLoadAttributes (2102ms)
				ProcessInitializeOnLoadMethodAttributes (49ms)
				AfterProcessingInitializeOnLoad (49ms)
				EditorAssembliesLoaded (0ms)
			ExecutionOrderSort2 (0ms)
			AwakeInstancesAfterBackupRestoration (9ms)
Platform modules already initialized, skipping
========================================================================
Worker process is ready to serve import requests
Launched and connected shader compiler UnityShaderCompiler.exe after 0.10 seconds
Refreshing native plugins compatible for Editor in 0.67 ms, found 3 plugins.
Preloading 0 native plugins for Editor in 0.00 ms.
Unloading 3168 Unused Serialized files (Serialized files now loaded: 0)
Unloading 36 unused Assets / (46.7 KB). Loaded Objects now: 3666.
Memory consumption went from 116.0 MB to 115.9 MB.
Total: 24.774300 ms (FindLiveObjects: 0.479700 ms CreateObjectMapping: 0.117200 ms MarkObjects: 23.987000 ms  DeleteObjects: 0.115400 ms)

AssetImportParameters requested are different than current active one (requested -> active):
  custom:video-decoder-ogg-theora: a1e56fd34408186e4bbccfd4996cb3dc -> 
  custom:container-muxer-webm: aa71ff27fc2769a1b78a27578f13a17b -> 
  custom:container-demuxer-webm: 4f35f7cbe854078d1ac9338744f61a02 -> 
  custom:video-encoder-webm-vp8: eb34c28f22e8b96e1ab97ce403110664 -> 
  custom:video-codec-MediaFoundation-h265: 746d11721c4dcdbdad8f713fa42b33f4 -> 
  custom:CustomObjectIndexerAttribute: bc11b3a6c3213fcdd17b65e7da85e133 -> 
  custom:audio-encoder-webm-vorbis: bf7c407c2cedff20999df2af8eb42d56 -> 
  custom:framework-win-MediaFoundation: 216162199b28c13a410421893ffa2e32 -> 
  custom:SearchIndexIgnoredProperties: e643bd26f0fe6173181afceb89e7c659 -> 
  custom:container-demuxer-ogg: 62fdf1f143b41e24485cea50d1cbac27 -> 
  custom:video-decoder-webm-vp8: 9c59270c3fd7afecdb556c50c9e8de78 -> 
  custom:audio-decoder-ogg-vorbis: bf7c407c2cedff20999df2af8eb42d56 -> 
========================================================================
Received Import Request.
  Time since last request: 152754.218056 seconds.
  path: Assets/Scenes/asset
  artifactKey: Guid(dc3c91c084955d5469a9f3cec8702151) Importer(815301076,1909f56bfc062723c751e8b465ee728b)
Number of updated assets reloaded before import = 0
Start importing Assets/Scenes/asset using Guid(dc3c91c084955d5469a9f3cec8702151) Importer(815301076,1909f56bfc062723c751e8b465ee728b)  -> (artifact id: 'dde48fc8745dc12b6ae400f14edfc724') in 0.017901 seconds 
Number of asset objects unloaded after import = 0
========================================================================
Received Import Request.
  Time since last request: 7.339168 seconds.
  path: Assets/Scenes/asset/UniAsset/Assets/Simple/AssetDataBase.unity
  artifactKey: Guid(f8b22a382b90de445af1290b8494fb7c) Importer(815301076,1909f56bfc062723c751e8b465ee728b)
Number of updated assets reloaded before import = 0
Start importing Assets/Scenes/asset/UniAsset/Assets/Simple/AssetDataBase.unity using Guid(f8b22a382b90de445af1290b8494fb7c) Importer(815301076,1909f56bfc062723c751e8b465ee728b)  -> (artifact id: 'b94b5b07d2768774f2aad8df1ddbb4fe') in 0.014972 seconds 
Number of asset objects unloaded after import = 0
========================================================================
Received Prepare
Registering precompiled user dll's ...
Registered in 0.044617 seconds.
Begin MonoManager ReloadAssembly
Native extension for WindowsStandalone target not found
Refreshing native plugins compatible for Editor in 1.30 ms, found 3 plugins.
Preloading 0 native plugins for Editor in 0.00 ms.
[Package Manager] Server::EnsureServerProcessIsRunning -- launch failed, reason: Unity was launched with the -noUpm command-line argument
[Package Manager] Cannot connect to Unity Package Manager local server
[ScriptCompilation] NOT recompiling all scripts because this is an import worker process. Reason to compile was: Define symbols changed
Mono: successfully reloaded assembly
- Completed reload, in  4.360 seconds
Domain Reload Profiling:
	ReloadAssembly (4360ms)
		BeginReloadAssembly (473ms)
			ExecutionOrderSort (0ms)
			DisableScriptedObjects (11ms)
			BackupInstance (0ms)
			ReleaseScriptingObjects (0ms)
			CreateAndSetChildDomain (97ms)
		EndReloadAssembly (3605ms)
			LoadAssemblies (386ms)
			RebuildTransferFunctionScriptingTraits (0ms)
			SetupTypeCache (402ms)
			ReleaseScriptCaches (2ms)
			RebuildScriptCaches (52ms)
			SetupLoadedEditorAssemblies (2819ms)
				LogAssemblyErrors (0ms)
				InitializePlatformSupportModulesInManaged (15ms)
				SetLoadedEditorAssemblies (2ms)
				RefreshPlugins (2ms)
				BeforeProcessingInitializeOnLoad (144ms)
				ProcessInitializeOnLoadAttributes (2159ms)
				ProcessInitializeOnLoadMethodAttributes (432ms)
				AfterProcessingInitializeOnLoad (65ms)
				EditorAssembliesLoaded (0ms)
			ExecutionOrderSort2 (0ms)
			AwakeInstancesAfterBackupRestoration (12ms)
Platform modules already initialized, skipping
Refreshing native plugins compatible for Editor in 1.31 ms, found 3 plugins.
Preloading 0 native plugins for Editor in 0.00 ms.
Unloading 3159 Unused Serialized files (Serialized files now loaded: 0)
Unloading 31 unused Assets / (21.9 KB). Loaded Objects now: 3669.
Memory consumption went from 115.7 MB to 115.7 MB.
Total: 36.257700 ms (FindLiveObjects: 0.433300 ms CreateObjectMapping: 0.230700 ms MarkObjects: 35.389000 ms  DeleteObjects: 0.201100 ms)

AssetImportParameters requested are different than current active one (requested -> active):
  custom:video-decoder-ogg-theora: a1e56fd34408186e4bbccfd4996cb3dc -> 
  custom:container-muxer-webm: aa71ff27fc2769a1b78a27578f13a17b -> 
  custom:container-demuxer-webm: 4f35f7cbe854078d1ac9338744f61a02 -> 
  custom:video-encoder-webm-vp8: eb34c28f22e8b96e1ab97ce403110664 -> 
  custom:video-codec-MediaFoundation-h265: 746d11721c4dcdbdad8f713fa42b33f4 -> 
  custom:CustomObjectIndexerAttribute: bc11b3a6c3213fcdd17b65e7da85e133 -> 
  custom:audio-encoder-webm-vorbis: bf7c407c2cedff20999df2af8eb42d56 -> 
  custom:framework-win-MediaFoundation: 216162199b28c13a410421893ffa2e32 -> 
  custom:SearchIndexIgnoredProperties: e643bd26f0fe6173181afceb89e7c659 -> 
  custom:container-demuxer-ogg: 62fdf1f143b41e24485cea50d1cbac27 -> 
  custom:video-decoder-webm-vp8: 9c59270c3fd7afecdb556c50c9e8de78 -> 
  custom:audio-decoder-ogg-vorbis: bf7c407c2cedff20999df2af8eb42d56 -> 
========================================================================
Received Import Request.
  Time since last request: 883.538268 seconds.
  path: Assets/Scenes/asset/UniAsset/Assets/UnityResource/image/skill
  artifactKey: Guid(60b9c43e2272f6048a57ad2c953a5468) Importer(815301076,1909f56bfc062723c751e8b465ee728b)
Number of updated assets reloaded before import = 0
Start importing Assets/Scenes/asset/UniAsset/Assets/UnityResource/image/skill using Guid(60b9c43e2272f6048a57ad2c953a5468) Importer(815301076,1909f56bfc062723c751e8b465ee728b)  -> (artifact id: 'd604c6cd98a83f51b9be8ed706d35502') in 0.062927 seconds 
Number of asset objects unloaded after import = 0
========================================================================
Received Import Request.
  Time since last request: 0.000104 seconds.
  path: Assets/Scenes/asset/UniAsset/Assets/UnityResource/image/skill/type_hero_04_v3.png
  artifactKey: Guid(e1c9c815957a2704cb2b85f33ea969db) Importer(815301076,1909f56bfc062723c751e8b465ee728b)
Number of updated assets reloaded before import = 0
Start importing Assets/Scenes/asset/UniAsset/Assets/UnityResource/image/skill/type_hero_04_v3.png using Guid(e1c9c815957a2704cb2b85f33ea969db) Importer(815301076,1909f56bfc062723c751e8b465ee728b)  -> (artifact id: 'dd84030b5b477ebefbffbc1e311f1f11') in 0.288232 seconds 
Number of asset objects unloaded after import = 3
========================================================================
Received Import Request.
  Time since last request: 0.000078 seconds.
  path: Assets/Scenes/asset/UniAsset/Assets/UnityResource/image/skill/type_hero_05_v3.png
  artifactKey: Guid(2f9570c9a188bdf41aefdfe33bb91123) Importer(815301076,1909f56bfc062723c751e8b465ee728b)
Number of updated assets reloaded before import = 0
Start importing Assets/Scenes/asset/UniAsset/Assets/UnityResource/image/skill/type_hero_05_v3.png using Guid(2f9570c9a188bdf41aefdfe33bb91123) Importer(815301076,1909f56bfc062723c751e8b465ee728b)  -> (artifact id: '7e8dc53748a74259c2cef18d00de87ca') in 0.037318 seconds 
Number of asset objects unloaded after import = 3
========================================================================
Received Import Request.
  Time since last request: 6.615088 seconds.
  path: Assets/Scenes/asset/UniAsset/Assets/UnityResource/materials/ui_materials.mat
  artifactKey: Guid(d858a5ca5fe3c4c41b4cefbab63336e5) Importer(815301076,1909f56bfc062723c751e8b465ee728b)
Number of updated assets reloaded before import = 0
Start importing Assets/Scenes/asset/UniAsset/Assets/UnityResource/materials/ui_materials.mat using Guid(d858a5ca5fe3c4c41b4cefbab63336e5) Importer(815301076,1909f56bfc062723c751e8b465ee728b)  -> (artifact id: '2318edea17aa2cd6f6820406d288b57c') in 0.081639 seconds 
Number of asset objects unloaded after import = 1
========================================================================
Received Import Request.
  Time since last request: 9.175307 seconds.
  path: Assets/Scenes/asset/UniAsset/Assets/UnityResource/prefab/other_prefab_01
  artifactKey: Guid(7ee4c9aa9f505554d93c175c3ad828b9) Importer(815301076,1909f56bfc062723c751e8b465ee728b)
Number of updated assets reloaded before import = 0
Start importing Assets/Scenes/asset/UniAsset/Assets/UnityResource/prefab/other_prefab_01 using Guid(7ee4c9aa9f505554d93c175c3ad828b9) Importer(815301076,1909f56bfc062723c751e8b465ee728b)  -> (artifact id: 'd2655fc260fc6e3504b89295323ec35c') in 0.016188 seconds 
Number of asset objects unloaded after import = 0
========================================================================
Received Import Request.
  Time since last request: 6.720970 seconds.
  path: Assets/Scenes/asset/UniAsset/Assets/UnityResource/prefab/skill/Test01.prefab
  artifactKey: Guid(51e0d94ebcc3d1643a14f7e44f35ac0d) Importer(815301076,1909f56bfc062723c751e8b465ee728b)
Number of updated assets reloaded before import = 0
Start importing Assets/Scenes/asset/UniAsset/Assets/UnityResource/prefab/skill/Test01.prefab using Guid(51e0d94ebcc3d1643a14f7e44f35ac0d) Importer(815301076,1909f56bfc062723c751e8b465ee728b)  -> (artifact id: 'dfee7740e0e2935aa447afd519edb642') in 0.032815 seconds 
Number of asset objects unloaded after import = 7
========================================================================
Received Import Request.
  Time since last request: 34.494553 seconds.
  path: Assets/Scenes/asset/UniAsset/Assets/UnityResource/shader/UIBase.shader
  artifactKey: Guid(3a6bd0d7265dca3448369857dc768ade) Importer(815301076,1909f56bfc062723c751e8b465ee728b)
Number of updated assets reloaded before import = 0
Start importing Assets/Scenes/asset/UniAsset/Assets/UnityResource/shader/UIBase.shader using Guid(3a6bd0d7265dca3448369857dc768ade) Importer(815301076,1909f56bfc062723c751e8b465ee728b)  -> (artifact id: '49a21fe3d0652150a484c75ba7dd8f08') in 0.019364 seconds 
Number of asset objects unloaded after import = 0
========================================================================
Received Import Request.
  Time since last request: 48.693422 seconds.
  path: Assets/Scenes/asset/UniAsset/LibraryUniAsset/EditorConfigs
  artifactKey: Guid(44cf0acdd3617ba4db27cdad233ef2b2) Importer(815301076,1909f56bfc062723c751e8b465ee728b)
Number of updated assets reloaded before import = 0
Start importing Assets/Scenes/asset/UniAsset/LibraryUniAsset/EditorConfigs using Guid(44cf0acdd3617ba4db27cdad233ef2b2) Importer(815301076,1909f56bfc062723c751e8b465ee728b)  -> (artifact id: '6e1b9176f75ccf2afc1f9054de88e432') in 0.015081 seconds 
Number of asset objects unloaded after import = 0
========================================================================
Received Import Request.
  Time since last request: 11.356222 seconds.
  path: Assets/Scenes/asset/UniAsset/UniAssetTool/hfs.exe
  artifactKey: Guid(adcd6dc6e8d8cd042a5314e1e550818e) Importer(815301076,1909f56bfc062723c751e8b465ee728b)
Number of updated assets reloaded before import = 0
Start importing Assets/Scenes/asset/UniAsset/UniAssetTool/hfs.exe using Guid(adcd6dc6e8d8cd042a5314e1e550818e) Importer(815301076,1909f56bfc062723c751e8b465ee728b)  -> (artifact id: '9657e6823ba7f58c6f5b05cd878e2141') in 0.027306 seconds 
Number of asset objects unloaded after import = 1
========================================================================
Received Import Request.
  Time since last request: 58.771988 seconds.
  path: Assets/Scenes/asset/UniAsset/Assets/Simple
  artifactKey: Guid(1a5b2566c9cbd01469f5b8425034c69e) Importer(815301076,1909f56bfc062723c751e8b465ee728b)
Number of updated assets reloaded before import = 0
Start importing Assets/Scenes/asset/UniAsset/Assets/Simple using Guid(1a5b2566c9cbd01469f5b8425034c69e) Importer(815301076,1909f56bfc062723c751e8b465ee728b)  -> (artifact id: 'd25182f9a8295d4be75a66b34ea3f633') in 0.011602 seconds 
Number of asset objects unloaded after import = 0
========================================================================
Received Import Request.
  Time since last request: 2.469436 seconds.
  path: Assets/Scenes/asset/UniAsset/Assets/Simple/LocalAssetBundle.unity
  artifactKey: Guid(2cda990e2423bbf4892e6590ba056729) Importer(815301076,1909f56bfc062723c751e8b465ee728b)
Number of updated assets reloaded before import = 0
Start importing Assets/Scenes/asset/UniAsset/Assets/Simple/LocalAssetBundle.unity using Guid(2cda990e2423bbf4892e6590ba056729) Importer(815301076,1909f56bfc062723c751e8b465ee728b)  -> (artifact id: 'c9e89085bbe3bd4f02d40d41c630ceb1') in 0.014499 seconds 
Number of asset objects unloaded after import = 0
========================================================================
Received Import Request.
  Time since last request: 9.917992 seconds.
  path: Assets/Scenes/asset/UniAsset/Assets/Simple/RemoteAssetBundle.unity
  artifactKey: Guid(a98d30f6bd7e692459386f36ae50a17d) Importer(815301076,1909f56bfc062723c751e8b465ee728b)
Number of updated assets reloaded before import = 0
Start importing Assets/Scenes/asset/UniAsset/Assets/Simple/RemoteAssetBundle.unity using Guid(a98d30f6bd7e692459386f36ae50a17d) Importer(815301076,1909f56bfc062723c751e8b465ee728b)  -> (artifact id: '4373299b8946487c99d202aef10f0072') in 0.017767 seconds 
Number of asset objects unloaded after import = 0
========================================================================
Received Import Request.
  Time since last request: 1681.373274 seconds.
  path: Assets/Scenes/asset/UniAsset/Assets/UniAsset
  artifactKey: Guid(a8422b095d54422409b5e5662cb85798) Importer(815301076,1909f56bfc062723c751e8b465ee728b)
Number of updated assets reloaded before import = 0
Start importing Assets/Scenes/asset/UniAsset/Assets/UniAsset using Guid(a8422b095d54422409b5e5662cb85798) Importer(815301076,1909f56bfc062723c751e8b465ee728b)  -> (artifact id: '798aed775b50080943224d24fa072cff') in 0.012079 seconds 
Number of asset objects unloaded after import = 0
========================================================================
Received Import Request.
  Time since last request: 1.157121 seconds.
  path: Assets/Scenes/asset/UniAsset/Assets/UniAsset/Editor
  artifactKey: Guid(5efd3445eceaaca47aa5dafe7d49f185) Importer(815301076,1909f56bfc062723c751e8b465ee728b)
Number of updated assets reloaded before import = 0
Start importing Assets/Scenes/asset/UniAsset/Assets/UniAsset/Editor using Guid(5efd3445eceaaca47aa5dafe7d49f185) Importer(815301076,1909f56bfc062723c751e8b465ee728b)  -> (artifact id: '66d6ef8f452e35afec2c2cd05b6145bb') in 0.011196 seconds 
Number of asset objects unloaded after import = 0
========================================================================
Received Import Request.
  Time since last request: 2.055645 seconds.
  path: Assets/Scenes/asset/UniAsset/Assets/UniAsset/Editor/Script
  artifactKey: Guid(99aa33662309e904096ac0aebc21252c) Importer(815301076,1909f56bfc062723c751e8b465ee728b)
Number of updated assets reloaded before import = 0
Start importing Assets/Scenes/asset/UniAsset/Assets/UniAsset/Editor/Script using Guid(99aa33662309e904096ac0aebc21252c) Importer(815301076,1909f56bfc062723c751e8b465ee728b)  -> (artifact id: 'adb79e29529f5a6717e2e0854f9936e0') in 0.011436 seconds 
Number of asset objects unloaded after import = 0
========================================================================
Received Import Request.
  Time since last request: 7231.122881 seconds.
  path: Assets/Scenes/asset/UniAsset/Assets/UniAsset/Editor/Script/AssetBundleBuildCommand.cs
  artifactKey: Guid(5033f7f2f659a704f98339e32c0618f4) Importer(815301076,1909f56bfc062723c751e8b465ee728b)
Number of updated assets reloaded before import = 0
Start importing Assets/Scenes/asset/UniAsset/Assets/UniAsset/Editor/Script/AssetBundleBuildCommand.cs using Guid(5033f7f2f659a704f98339e32c0618f4) Importer(815301076,1909f56bfc062723c751e8b465ee728b)  -> (artifact id: 'd39dd8815336808713b06c7da782462a') in 0.081566 seconds 
Number of asset objects unloaded after import = 0
